[debug] [2026-07-06T10:41:05.162Z] ----------------------------------------------------------------------
[debug] [2026-07-06T10:41:05.163Z] Command:       C:\Program Files\nodejs\node.exe C:\Users\Asim\AppData\Roaming\npm\node_modules\firebase-tools\lib\bin\firebase.js init
[debug] [2026-07-06T10:41:05.164Z] CLI Version:   15.22.4
[debug] [2026-07-06T10:41:05.164Z] Platform:      win32
[debug] [2026-07-06T10:41:05.164Z] Node Version:  v25.2.1
[debug] [2026-07-06T10:41:05.164Z] Detected Agent: unknown
[debug] [2026-07-06T10:41:05.164Z] Time:          Mon Jul 06 2026 18:41:05 GMT+0800 (Malaysia Time)
[debug] [2026-07-06T10:41:05.164Z] ----------------------------------------------------------------------
[debug] 
[info] 
     ######## #### ########  ######## ########     ###     ######  ########
     ##        ##  ##     ## ##       ##     ##  ##   ##  ##       ##
     ######    ##  ########  ######   ########  #########  ######  ######
     ##        ##  ##    ##  ##       ##     ## ##     ##       ## ##
     ##       #### ##     ## ######## ########  ##     ##  ######  ########

You're about to initialize a Firebase project in this directory:

  C:\Users\Asim\certificate-generator

[debug] [2026-07-06T10:43:46.848Z] ExitPromptError: User force closed the prompt with SIGINT
    at Interface.sigint (C:\Users\Asim\AppData\Roaming\npm\node_modules\firebase-tools\node_modules\@inquirer\core\dist\commonjs\lib\create-prompt.js:101:37)
    at Interface.emit (node:events:508:28)
    at [_ttyWrite] [as _ttyWrite] (node:internal/readline/interface:1327:18)
    at ReadStream.onkeypress (node:internal/readline/interface:284:20)
    at ReadStream.emit (node:events:520:35)
    at emitKeys (node:internal/readline/utils:371:14)
    at emitKeys.next (<anonymous>)
    at ReadStream.onData (node:internal/readline/emitKeypressEvents:64:36)
    at ReadStream.emit (node:events:508:28)
    at addChunk (node:internal/streams/readable:559:12)
[error] 
[error] Error: An unexpected error has occurred.
